C51 COMPILER V9.59.0.0   MAIN                                                              08/29/2024 14:55:16 PAGE 1   


C51 COMPILER V9.59.0.0, COMPILATION OF MODULE MAIN
OBJECT MODULE PLACED IN .\Objects\main.obj
COMPILER INVOKED BY: D:\keil5\C51\BIN\C51.EXE main.c OPTIMIZE(8,SPEED) BROWSE DEBUG OBJECTEXTEND PRINT(.\Listings\main.l
                    -st) TABS(2) OBJECT(.\Objects\main.obj)

line level    source

   1          #include <REGX52.H>
   2          #include <INTRINS.H>
   3          #include "display.h"
   4          void main()
   5          {
   6   1        char num1, num2, num3, num4, press, k1, k2;
   7   1        int sum, f1, f2, f3;
   8   1        num1 = 66, num2 = 66;
   9   1        Nixie(1, 10);
  10   1        num1 = ScanKey();
  11   1        //Nixie(2,num1);
  12   1        while(1)
  13   1          {
  14   2            Nixie(2, num1);
  15   2            P0 = 0;
  16   2            Nixie(1, 10);
  17   2            press = lScanKey();
*** WARNING C206 IN LINE 17 OF main.c: 'lScanKey': missing function-prototype
  18   2            if(press == 25)
  19   2              {
  20   3                while(1)
  21   3                  {
  22   4                    Nixie(2, num1);
  23   4                    P0 = 0;
  24   4                    Nixie(1, 10);
  25   4                    press = lScanKey();
  26   4      
  27   4                    if(press != 25)
  28   4                      {
  29   5                        num2 = ScanKey();
  30   5                        break;
  31   5                      }
  32   4                  }
  33   3                break;
  34   3              }
  35   2          }
  36   1      
  37   1        while(1)
  38   1          {
  39   2            Nixie(1, num1);
  40   2            P0 = 0;
  41   2            Nixie(2, num2);
  42   2            P0 = 0;
  43   2            press = lScanKey();
  44   2      
  45   2            if(press == 11)   //运算符“+”
  46   2              {
  47   3                while(1)
  48   3                  {
  49   4                    Nixie(1, 0);
  50   4                    P0 = 0;
  51   4                    Nixie(2, 0);
  52   4                    P0 = 0;
  53   4                    press = lScanKey();
C51 COMPILER V9.59.0.0   MAIN                                                              08/29/2024 14:55:16 PAGE 2   

  54   4      
  55   4                    if(press == 25)
  56   4                      {
  57   5                        while(1)
  58   5                          {
  59   6                            Nixie(2, 0);
  60   6                            P0 = 0;
  61   6                            Nixie(1, 0);
  62   6                            P0 = 0;
  63   6                            press = lScanKey();
  64   6      
  65   6                            if(press != 25)
  66   6                              {
  67   7                                num3 = ScanKey();   //输入第二组运算数
  68   7                                break;
  69   7                              }
  70   6                          }
  71   5      
  72   5                        break;
  73   5                      }
  74   4                  }
  75   3      
  76   3                while(1)
  77   3                  {
  78   4                    Nixie(2, num3);
  79   4                    P0 = 0;
  80   4                    Nixie(1, 10);
  81   4                    press = lScanKey();
  82   4      
  83   4                    if(press == 25)
  84   4                      {
  85   5                        while(1)
  86   5                          {
  87   6                            Nixie(2, num3);
  88   6                            P0 = 0;
  89   6                            Nixie(1, 10);
  90   6                            press = lScanKey();
  91   6      
  92   6                            if(press != 25)       //反复扫描，直到按下第三个数字的手指松开后
  93   6                              {
  94   7                                num4 = ScanKey();
  95   7                                break;
  96   7                              }
  97   6                          }
  98   5      
  99   5                        break;
 100   5                      }
 101   4                  }
 102   3      
 103   3                break;
 104   3              }
 105   2          }
 106   1      
 107   1        while(1)
 108   1          {
 109   2            Nixie(1, num3);
 110   2            P0 = 0;
 111   2            Nixie(2, num4);
 112   2            P0 = 0;
 113   2            press = lScanKey();
 114   2      
 115   2            if(press == 12)
C51 COMPILER V9.59.0.0   MAIN                                                              08/29/2024 14:55:16 PAGE 3   

 116   2              {
 117   3                k1 = num1 * 10 + num2;
 118   3                k2 = num3 * 10 + num4;
 119   3                sum = k1 + k2;
 120   3                f1 = sum / 100, f2 = (sum / 10) % 10, f3 = sum % 10;
 121   3      
 122   3                while(1)
 123   3                  {
 124   4                    Nixie(1, f1);
 125   4                    P0 = 0;
 126   4                    Nixie(2, f2);
 127   4                    P0 = 0;
 128   4                    Nixie(3, f3);
 129   4                    P0 = 0;
 130   4                  }
 131   3              }
 132   2          }
 133   1      }


MODULE INFORMATION:   STATIC OVERLAYABLE
   CODE SIZE        =    479    ----
   CONSTANT SIZE    =   ----    ----
   XDATA SIZE       =   ----    ----
   PDATA SIZE       =   ----    ----
   DATA SIZE        =     11      11
   IDATA SIZE       =   ----    ----
   BIT SIZE         =   ----    ----
END OF MODULE INFORMATION.


C51 COMPILATION COMPLETE.  1 WARNING(S),  0 ERROR(S)
