C51 COMPILER V9.59.0.0   SHUMA                                                             10/27/2023 21:49:47 PAGE 1   


C51 COMPILER V9.59.0.0, COMPILATION OF MODULE SHUMA
OBJECT MODULE PLACED IN .\Objects\shuma.obj
COMPILER INVOKED BY: E:\keil_v5\C51\BIN\C51.EXE shuma.c OPTIMIZE(8,SPEED) BROWSE DEBUG OBJECTEXTEND PRINT(.\Listings\shu
                    -ma.lst) TABS(3) OBJECT(.\Objects\shuma.obj)

line level    source

   1          #include <REGX52.H>
   2          #include <INTRINS.H>
   3          void Delay(unsigned int xms)
   4          {
   5   1         unsigned char i, j;
   6   1         while(xms--)
   7   1         {
   8   2            i = 2;
   9   2            j = 239;
  10   2            do
  11   2            {
  12   3               while (--j);
  13   3            } while (--i);
  14   2         }
  15   1      }
  16          
  17          unsigned char NixieTable[]={0x3F,0x06,0x5B,0x4F,0x66,0x6D,0x7D,0x07,0x7F,0x6F,0};
  18          
  19          //数码管显示函数
  20          void Nixie(unsigned char Location,Number)
  21          {
  22   1         switch(Location)     //位码输出
  23   1         {
  24   2            case 1:P2_4=1;P2_3=1;P2_2=1;break;
  25   2            case 2:P2_4=1;P2_3=1;P2_2=0;break;
  26   2            case 3:P2_4=1;P2_3=0;P2_2=1;break;
  27   2            case 4:P2_4=1;P2_3=0;P2_2=0;break;
  28   2            case 5:P2_4=0;P2_3=1;P2_2=1;break;
  29   2            case 6:P2_4=0;P2_3=1;P2_2=0;break;
  30   2            case 7:P2_4=0;P2_3=0;P2_2=1;break;
  31   2            case 8:P2_4=0;P2_3=0;P2_2=0;break;
  32   2         }
  33   1         P0=NixieTable[Number];  //段码输出
  34   1      }
  35          
  36          unsigned char ScanKey()   /*反复扫描键盘，直到按下后松开按键，并读取数值。Delay(20)
             -开关消抖*/
  37          
  38          {
  39   1         char kn;
  40   1         kn=25;
  41   1      while(1)
  42   1      {
  43   2         P1=0xFF;
  44   2         P1_3=0;
  45   2         if(P1_7==0)
  46   2            {while(1){Delay(20);if(P1_7!=0){kn=11;break;}}break;}
  47   2         if(P1_6==0)
  48   2            {while(1){Delay(20);if(P1_7!=0){kn=1;break;}}break;}
  49   2         if(P1_5==0)
  50   2            {while(1){Delay(20);if(P1_7!=0){kn=5;break;}}break;}
  51   2         if(P1_4==0)
  52   2            {while(1){Delay(20);if(P1_7!=0){kn=9;break;}}break;}
  53   2         
C51 COMPILER V9.59.0.0   SHUMA                                                             10/27/2023 21:49:47 PAGE 2   

  54   2         P1=0xFF;
  55   2         P1_2=0;
  56   2         if(P1_7==0)
  57   2            {while(1){Delay(20);if(P1_7!=0){kn=12;break;}}break;}
  58   2         if(P1_6==0)
  59   2            {while(1){Delay(20);if(P1_7!=0){kn=2;break;}}break;}
  60   2         if(P1_5==0)
  61   2            {while(1){Delay(20);if(P1_7!=0){kn=6;break;}}break;}
  62   2         if(P1_4==0)
  63   2            {while(1){Delay(20);if(P1_7!=0){kn=0;break;}}break;}
  64   2            
  65   2         P1=0xFF;
  66   2         P1_1=0;
  67   2         if(P1_7==0)
  68   2            {while(1){Delay(20);if(P1_7!=0){kn=13;break;}}break;}
  69   2         if(P1_6==0)
  70   2            {while(1){Delay(20);if(P1_7!=0){kn=3;break;}}break;}
  71   2         if(P1_5==0)
  72   2            {while(1){Delay(20);if(P1_7!=0){kn=7;break;}}break;}
  73   2         if(P1_4==0)
  74   2            {while(1){Delay(20);if(P1_7!=0){kn=21;break;}}break;}
  75   2         
  76   2            
  77   2         P1=0xFF;
  78   2         P1_0=0;
  79   2         if(P1_7==0)
  80   2            {while(1){Delay(20);if(P1_7!=0){kn=22;break;}}break;}
  81   2         if(P1_6==0)
  82   2            {while(1){Delay(20);if(P1_7!=0){kn=4;break;}}break;}
  83   2         if(P1_5==0)
  84   2            {while(1){Delay(20);if(P1_7!=0){kn=8;break;}}break;}
  85   2         if(P1_4==0)
  86   2            {while(1){Delay(20);if(P1_7!=0){kn=23;break;}}break;}
  87   2      }
  88   1      
  89   1         return kn;
  90   1      }
  91          unsigned char lScanKey() //扫描一遍，判断是否松手，与while()配合使用
  92          {
  93   1         char kn;
  94   1         kn=25;
  95   1         P1=0xFF;
  96   1         P1_3=0;
  97   1         if(P1_7==0)
  98   1            {while(1){if(P1_7!=0){Delay(2);kn=11;break;}}}
  99   1         if(P1_6==0)
 100   1            {while(1){if(P1_7!=0){Delay(2);kn=1;break;}}}
 101   1         if(P1_5==0)
 102   1            {while(1){if(P1_7!=0){Delay(2);kn=5;break;}}}
 103   1         if(P1_4==0)
 104   1            {while(1){if(P1_7!=0){Delay(2);kn=9;break;}}}
 105   1         
 106   1         P1=0xFF;
 107   1         P1_2=0;
 108   1         if(P1_7==0)
 109   1            {while(1){if(P1_7!=0){Delay(2);kn=12;break;}}}
 110   1         if(P1_6==0)
 111   1            {while(1){if(P1_7!=0){Delay(2);kn=2;break;}}}
 112   1         if(P1_5==0)
 113   1            {while(1){if(P1_7!=0){Delay(2);kn=6;break;}}}
 114   1         if(P1_4==0)
 115   1            {while(1){if(P1_7!=0){Delay(2);kn=0;break;}}}
C51 COMPILER V9.59.0.0   SHUMA                                                             10/27/2023 21:49:47 PAGE 3   

 116   1            
 117   1         P1=0xFF;
 118   1         P1_1=0;
 119   1         if(P1_7==0)
 120   1            {while(1){if(P1_7!=0){Delay(2);kn=13;break;}}}
 121   1         if(P1_6==0)
 122   1            {while(1){if(P1_7!=0){Delay(2);kn=3;break;}}}
 123   1         if(P1_5==0)
 124   1            {while(1){if(P1_7!=0){Delay(2);kn=7;break;}}}
 125   1         if(P1_4==0)
 126   1            {while(1){if(P1_7!=0){Delay(2);kn=21;break;}}}
 127   1         
 128   1            
 129   1         P1=0xFF;
 130   1         P1_0=0;
 131   1         if(P1_7==0)
 132   1            {while(1){if(P1_7!=0){Delay(2);kn=22;break;}}}
 133   1         if(P1_6==0)
 134   1            {while(1){if(P1_7!=0){Delay(2);kn=4;break;}}}
 135   1         if(P1_5==0)
 136   1            {while(1){if(P1_7!=0){Delay(2);kn=8;break;}}}
 137   1         if(P1_4==0)
 138   1            {while(1){if(P1_7!=0){Delay(2);kn=23;break;}}}
 139   1      }
*** WARNING C173 IN LINE 139 OF shuma.c: missing return-expression
 140          
 141          void main()
 142          {
 143   1        char num1, num2, num3, num4, press, k1, k2;
 144   1        int sum, f1, f2, f3;
 145   1        num1 = 66, num2 = 66;
 146   1        Nixie(1, 10);
 147   1        num1 = ScanKey();
 148   1        //Nixie(2,num1);
 149   1        while(1)
 150   1          {
 151   2            Nixie(2, num1);
 152   2            P0 = 0;
 153   2            Nixie(1, 10);
 154   2            press = lScanKey();
 155   2            if(press == 25)
 156   2              {
 157   3                while(1)
 158   3                  {
 159   4                    Nixie(2, num1);
 160   4                    P0 = 0;
 161   4                    Nixie(1, 10);
 162   4                    press = lScanKey();
 163   4      
 164   4                    if(press != 25)
 165   4                      {
 166   5                        num2 = ScanKey();
 167   5                        break;
 168   5                      }
 169   4                  }
 170   3                break;
 171   3              }
 172   2          }
 173   1      
 174   1        while(1)
 175   1          {
 176   2            Nixie(1, num1);
C51 COMPILER V9.59.0.0   SHUMA                                                             10/27/2023 21:49:47 PAGE 4   

 177   2            P0 = 0;
 178   2            Nixie(2, num2);
 179   2            P0 = 0;
 180   2            press = lScanKey();
 181   2      
 182   2            if(press == 11)      //运算符“+”
 183   2              {
 184   3                while(1)
 185   3                  {
 186   4                    Nixie(1, 0);
 187   4                    P0 = 0;
 188   4                    Nixie(2, 0);
 189   4                    P0 = 0;
 190   4                    press = lScanKey();
 191   4      
 192   4                    if(press == 25)
 193   4                      {
 194   5                        while(1)
 195   5                          {
 196   6                            Nixie(2, 0);
 197   6                            P0 = 0;
 198   6                            Nixie(1, 0);
 199   6                            P0 = 0;
 200   6                            press = lScanKey();
 201   6      
 202   6                            if(press != 25)
 203   6                              {
 204   7                                num3 = ScanKey();     //输入第二组运算数
 205   7                                break;
 206   7                              }
 207   6                          }
 208   5      
 209   5                        break;
 210   5                      }
 211   4                  }
 212   3      
 213   3                while(1)
 214   3                  {
 215   4                    Nixie(2, num3);
 216   4                    P0 = 0;
 217   4                    Nixie(1, 10);
 218   4                    press = lScanKey();
 219   4      
 220   4                    if(press == 25)
 221   4                      {
 222   5                        while(1)
 223   5                          {
 224   6                            Nixie(2, num3);
 225   6                            P0 = 0;
 226   6                            Nixie(1, 10);
 227   6                            press = lScanKey();
 228   6      
 229   6                            if(press != 25)           //反复扫描，直到按下第三个数字的手指松开后
 230   6                              {
 231   7                                num4 = ScanKey();
 232   7                                break;
 233   7                              }
 234   6                          }
 235   5      
 236   5                        break;
 237   5                      }
 238   4                  }
C51 COMPILER V9.59.0.0   SHUMA                                                             10/27/2023 21:49:47 PAGE 5   

 239   3      
 240   3                break;
 241   3              }
 242   2          }
 243   1      
 244   1        while(1)
 245   1          {
 246   2            Nixie(1, num3);
 247   2            P0 = 0;
 248   2            Nixie(2, num4);
 249   2            P0 = 0;
 250   2            press = lScanKey();
 251   2      
 252   2            if(press == 12)
 253   2              {
 254   3                k1 = num1 * 10 + num2;
 255   3                k2 = num3 * 10 + num4;
 256   3                sum = k1 + k2;
 257   3                f1 = sum / 100, f2 = (sum / 10) % 10, f3 = sum % 10;
 258   3      
 259   3                while(1)
 260   3                  {
 261   4                    Nixie(1, f1);
 262   4                    P0 = 0;
 263   4                    Nixie(2, f2);
 264   4                    P0 = 0;
 265   4                    Nixie(3, f3);
 266   4                    P0 = 0;
 267   4                  }
 268   3              }
 269   2          }
 270   1      }
*** WARNING C290 IN LINE 139 OF shuma.c: missing return value


MODULE INFORMATION:   STATIC OVERLAYABLE
   CODE SIZE        =   1018    ----
   CONSTANT SIZE    =   ----    ----
   XDATA SIZE       =   ----    ----
   PDATA SIZE       =   ----    ----
   DATA SIZE        =     11       6
   IDATA SIZE       =   ----    ----
   BIT SIZE         =   ----    ----
END OF MODULE INFORMATION.


C51 COMPILATION COMPLETE.  2 WARNING(S),  0 ERROR(S)
